<?xml version="1.0" encoding="UTF-8"?>
<testsuite xmlns:xsi="http://www.w3.org/2001/XMLSchema-instance" xsi:noNamespaceSchemaLocation="https://maven.apache.org/surefire/maven-surefire-plugin/xsd/surefire-test-report.xsd" name="LoginPageTest" time="21.351" tests="4" errors="2" skipped="0" failures="0">
  <properties>
    <property name="java.specification.version" value="20"/>
    <property name="sun.jnu.encoding" value="UTF-8"/>
    <property name="java.class.path" value="/Users/armenmartirosan/Desktop/Diplom/Diplom_3/target/test-classes:/Users/armenmartirosan/Desktop/Diplom/Diplom_3/target/classes:/Users/armenmartirosan/.m2/repository/junit/junit/4.13.2/junit-4.13.2.jar:/Users/armenmartirosan/.m2/repository/org/hamcrest/hamcrest-core/1.3/hamcrest-core-1.3.jar:/Users/armenmartirosan/.m2/repository/com/codeborne/selenide/6.12.3/selenide-6.12.3.jar:/Users/armenmartirosan/.m2/repository/org/slf4j/slf4j-api/2.0.6/slf4j-api-2.0.6.jar:/Users/armenmartirosan/.m2/repository/com/codeborne/selenide-core/6.12.3/selenide-core-6.12.3.jar:/Users/armenmartirosan/.m2/repository/org/opentest4j/opentest4j/1.2.0/opentest4j-1.2.0.jar:/Users/armenmartirosan/.m2/repository/org/apache/commons/commons-compress/1.22/commons-compress-1.22.jar:/Users/armenmartirosan/.m2/repository/com/google/guava/guava/31.1-jre/guava-31.1-jre.jar:/Users/armenmartirosan/.m2/repository/com/google/guava/failureaccess/1.0.1/failureaccess-1.0.1.jar:/Users/armenmartirosan/.m2/repository/com/google/guava/listenablefuture/9999.0-empty-to-avoid-conflict-with-guava/listenablefuture-9999.0-empty-to-avoid-conflict-with-guava.jar:/Users/armenmartirosan/.m2/repository/com/google/code/findbugs/jsr305/3.0.2/jsr305-3.0.2.jar:/Users/armenmartirosan/.m2/repository/org/checkerframework/checker-qual/3.12.0/checker-qual-3.12.0.jar:/Users/armenmartirosan/.m2/repository/com/google/errorprone/error_prone_annotations/2.11.0/error_prone_annotations-2.11.0.jar:/Users/armenmartirosan/.m2/repository/com/google/j2objc/j2objc-annotations/1.3/j2objc-annotations-1.3.jar:/Users/armenmartirosan/.m2/repository/org/apache/commons/commons-lang3/3.12.0/commons-lang3-3.12.0.jar:/Users/armenmartirosan/.m2/repository/commons-io/commons-io/2.11.0/commons-io-2.11.0.jar:/Users/armenmartirosan/.m2/repository/io/rest-assured/rest-assured/5.3.0/rest-assured-5.3.0.jar:/Users/armenmartirosan/.m2/repository/org/apache/groovy/groovy/4.0.6/groovy-4.0.6.jar:/Users/armenmartirosan/.m2/repository/org/apache/groovy/groovy-xml/4.0.6/groovy-xml-4.0.6.jar:/Users/armenmartirosan/.m2/repository/org/apache/httpcomponents/httpclient/4.5.13/httpclient-4.5.13.jar:/Users/armenmartirosan/.m2/repository/org/apache/httpcomponents/httpmime/4.5.13/httpmime-4.5.13.jar:/Users/armenmartirosan/.m2/repository/org/hamcrest/hamcrest/2.1/hamcrest-2.1.jar:/Users/armenmartirosan/.m2/repository/org/ccil/cowan/tagsoup/tagsoup/1.2.1/tagsoup-1.2.1.jar:/Users/armenmartirosan/.m2/repository/io/rest-assured/json-path/5.3.0/json-path-5.3.0.jar:/Users/armenmartirosan/.m2/repository/org/apache/groovy/groovy-json/4.0.6/groovy-json-4.0.6.jar:/Users/armenmartirosan/.m2/repository/io/rest-assured/rest-assured-common/5.3.0/rest-assured-common-5.3.0.jar:/Users/armenmartirosan/.m2/repository/io/rest-assured/xml-path/5.3.0/xml-path-5.3.0.jar:/Users/armenmartirosan/.m2/repository/com/google/code/gson/gson/2.10.1/gson-2.10.1.jar:/Users/armenmartirosan/.m2/repository/io/qameta/allure/allure-junit4/2.21.0/allure-junit4-2.21.0.jar:/Users/armenmartirosan/.m2/repository/io/qameta/allure/allure-java-commons/2.21.0/allure-java-commons-2.21.0.jar:/Users/armenmartirosan/.m2/repository/io/qameta/allure/allure-model/2.21.0/allure-model-2.21.0.jar:/Users/armenmartirosan/.m2/repository/io/qameta/allure/allure-rest-assured/2.21.0/allure-rest-assured-2.21.0.jar:/Users/armenmartirosan/.m2/repository/io/qameta/allure/allure-attachments/2.21.0/allure-attachments-2.21.0.jar:/Users/armenmartirosan/.m2/repository/org/freemarker/freemarker/2.3.31/freemarker-2.3.31.jar:/Users/armenmartirosan/.m2/repository/net/datafaker/datafaker/1.8.1/datafaker-1.8.1.jar:/Users/armenmartirosan/.m2/repository/org/yaml/snakeyaml/1.33/snakeyaml-1.33.jar:/Users/armenmartirosan/.m2/repository/com/github/mifmif/generex/1.0.2/generex-1.0.2.jar:/Users/armenmartirosan/.m2/repository/dk/brics/automaton/automaton/1.11-8/automaton-1.11-8.jar:/Users/armenmartirosan/.m2/repository/com/tngtech/java/junit-dataprovider/1.13.1/junit-dataprovider-1.13.1.jar:/Users/armenmartirosan/.m2/repository/io/github/bonigarcia/webdrivermanager/5.3.3/webdrivermanager-5.3.3.jar:/Users/armenmartirosan/.m2/repository/com/github/docker-java/docker-java/3.3.0/docker-java-3.3.0.jar:/Users/armenmartirosan/.m2/repository/com/github/docker-java/docker-java-core/3.3.0/docker-java-core-3.3.0.jar:/Users/armenmartirosan/.m2/repository/com/github/docker-java/docker-java-api/3.3.0/docker-java-api-3.3.0.jar:/Users/armenmartirosan/.m2/repository/com/fasterxml/jackson/core/jackson-annotations/2.10.3/jackson-annotations-2.10.3.jar:/Users/armenmartirosan/.m2/repository/com/fasterxml/jackson/core/jackson-databind/2.10.3/jackson-databind-2.10.3.jar:/Users/armenmartirosan/.m2/repository/com/fasterxml/jackson/core/jackson-core/2.10.3/jackson-core-2.10.3.jar:/Users/armenmartirosan/.m2/repository/org/bouncycastle/bcpkix-jdk15on/1.64/bcpkix-jdk15on-1.64.jar:/Users/armenmartirosan/.m2/repository/org/bouncycastle/bcprov-jdk15on/1.64/bcprov-jdk15on-1.64.jar:/Users/armenmartirosan/.m2/repository/org/slf4j/jcl-over-slf4j/1.7.30/jcl-over-slf4j-1.7.30.jar:/Users/armenmartirosan/.m2/repository/com/github/docker-java/docker-java-transport-httpclient5/3.3.0/docker-java-transport-httpclient5-3.3.0.jar:/Users/armenmartirosan/.m2/repository/com/github/docker-java/docker-java-transport/3.3.0/docker-java-transport-3.3.0.jar:/Users/armenmartirosan/.m2/repository/net/java/dev/jna/jna/5.12.1/jna-5.12.1.jar:/Users/armenmartirosan/.m2/repository/org/brotli/dec/0.1.2/dec-0.1.2.jar:/Users/armenmartirosan/.m2/repository/org/apache/httpcomponents/client5/httpclient5/5.2.1/httpclient5-5.2.1.jar:/Users/armenmartirosan/.m2/repository/org/apache/httpcomponents/core5/httpcore5/5.2/httpcore5-5.2.jar:/Users/armenmartirosan/.m2/repository/org/apache/httpcomponents/core5/httpcore5-h2/5.2/httpcore5-h2-5.2.jar:/Users/armenmartirosan/.m2/repository/org/seleniumhq/selenium/selenium-java/3.14.0/selenium-java-3.14.0.jar:/Users/armenmartirosan/.m2/repository/org/seleniumhq/selenium/selenium-api/3.14.0/selenium-api-3.14.0.jar:/Users/armenmartirosan/.m2/repository/org/seleniumhq/selenium/selenium-chrome-driver/3.14.0/selenium-chrome-driver-3.14.0.jar:/Users/armenmartirosan/.m2/repository/org/seleniumhq/selenium/selenium-edge-driver/3.14.0/selenium-edge-driver-3.14.0.jar:/Users/armenmartirosan/.m2/repository/org/seleniumhq/selenium/selenium-firefox-driver/3.14.0/selenium-firefox-driver-3.14.0.jar:/Users/armenmartirosan/.m2/repository/org/seleniumhq/selenium/selenium-ie-driver/3.14.0/selenium-ie-driver-3.14.0.jar:/Users/armenmartirosan/.m2/repository/org/seleniumhq/selenium/selenium-opera-driver/3.14.0/selenium-opera-driver-3.14.0.jar:/Users/armenmartirosan/.m2/repository/org/seleniumhq/selenium/selenium-remote-driver/3.14.0/selenium-remote-driver-3.14.0.jar:/Users/armenmartirosan/.m2/repository/org/seleniumhq/selenium/selenium-safari-driver/3.14.0/selenium-safari-driver-3.14.0.jar:/Users/armenmartirosan/.m2/repository/org/seleniumhq/selenium/selenium-support/3.14.0/selenium-support-3.14.0.jar:/Users/armenmartirosan/.m2/repository/net/bytebuddy/byte-buddy/1.8.15/byte-buddy-1.8.15.jar:/Users/armenmartirosan/.m2/repository/org/apache/commons/commons-exec/1.3/commons-exec-1.3.jar:/Users/armenmartirosan/.m2/repository/commons-codec/commons-codec/1.10/commons-codec-1.10.jar:/Users/armenmartirosan/.m2/repository/commons-logging/commons-logging/1.2/commons-logging-1.2.jar:/Users/armenmartirosan/.m2/repository/org/apache/httpcomponents/httpcore/4.4.9/httpcore-4.4.9.jar:/Users/armenmartirosan/.m2/repository/com/squareup/okhttp3/okhttp/3.10.0/okhttp-3.10.0.jar:/Users/armenmartirosan/.m2/repository/com/squareup/okio/okio/1.14.1/okio-1.14.1.jar:"/>
    <property name="java.vm.vendor" value="Homebrew"/>
    <property name="sun.arch.data.model" value="64"/>
    <property name="java.vendor.url" value="https://github.com/Homebrew/homebrew-core/issues"/>
    <property name="os.name" value="Mac OS X"/>
    <property name="java.vm.specification.version" value="20"/>
    <property name="sun.java.launcher" value="SUN_STANDARD"/>
    <property name="user.country" value="RU"/>
    <property name="sun.boot.library.path" value="/opt/homebrew/Cellar/openjdk/20.0.1/libexec/openjdk.jdk/Contents/Home/lib"/>
    <property name="sun.java.command" value="/Users/armenmartirosan/Desktop/Diplom/Diplom_3/target/surefire/surefirebooter1430364757947315493.jar /Users/armenmartirosan/Desktop/Diplom/Diplom_3/target/surefire 2023-08-24T23-16-48_677-jvmRun1 surefire13569151212442794880tmp surefire_06620835639326178214tmp"/>
    <property name="http.nonProxyHosts" value="local|*.local|169.254/16|*.169.254/16"/>
    <property name="jdk.debug" value="release"/>
    <property name="surefire.test.class.path" value="/Users/armenmartirosan/Desktop/Diplom/Diplom_3/target/test-classes:/Users/armenmartirosan/Desktop/Diplom/Diplom_3/target/classes:/Users/armenmartirosan/.m2/repository/junit/junit/4.13.2/junit-4.13.2.jar:/Users/armenmartirosan/.m2/repository/org/hamcrest/hamcrest-core/1.3/hamcrest-core-1.3.jar:/Users/armenmartirosan/.m2/repository/com/codeborne/selenide/6.12.3/selenide-6.12.3.jar:/Users/armenmartirosan/.m2/repository/org/slf4j/slf4j-api/2.0.6/slf4j-api-2.0.6.jar:/Users/armenmartirosan/.m2/repository/com/codeborne/selenide-core/6.12.3/selenide-core-6.12.3.jar:/Users/armenmartirosan/.m2/repository/org/opentest4j/opentest4j/1.2.0/opentest4j-1.2.0.jar:/Users/armenmartirosan/.m2/repository/org/apache/commons/commons-compress/1.22/commons-compress-1.22.jar:/Users/armenmartirosan/.m2/repository/com/google/guava/guava/31.1-jre/guava-31.1-jre.jar:/Users/armenmartirosan/.m2/repository/com/google/guava/failureaccess/1.0.1/failureaccess-1.0.1.jar:/Users/armenmartirosan/.m2/repository/com/google/guava/listenablefuture/9999.0-empty-to-avoid-conflict-with-guava/listenablefuture-9999.0-empty-to-avoid-conflict-with-guava.jar:/Users/armenmartirosan/.m2/repository/com/google/code/findbugs/jsr305/3.0.2/jsr305-3.0.2.jar:/Users/armenmartirosan/.m2/repository/org/checkerframework/checker-qual/3.12.0/checker-qual-3.12.0.jar:/Users/armenmartirosan/.m2/repository/com/google/errorprone/error_prone_annotations/2.11.0/error_prone_annotations-2.11.0.jar:/Users/armenmartirosan/.m2/repository/com/google/j2objc/j2objc-annotations/1.3/j2objc-annotations-1.3.jar:/Users/armenmartirosan/.m2/repository/org/apache/commons/commons-lang3/3.12.0/commons-lang3-3.12.0.jar:/Users/armenmartirosan/.m2/repository/commons-io/commons-io/2.11.0/commons-io-2.11.0.jar:/Users/armenmartirosan/.m2/repository/io/rest-assured/rest-assured/5.3.0/rest-assured-5.3.0.jar:/Users/armenmartirosan/.m2/repository/org/apache/groovy/groovy/4.0.6/groovy-4.0.6.jar:/Users/armenmartirosan/.m2/repository/org/apache/groovy/groovy-xml/4.0.6/groovy-xml-4.0.6.jar:/Users/armenmartirosan/.m2/repository/org/apache/httpcomponents/httpclient/4.5.13/httpclient-4.5.13.jar:/Users/armenmartirosan/.m2/repository/org/apache/httpcomponents/httpmime/4.5.13/httpmime-4.5.13.jar:/Users/armenmartirosan/.m2/repository/org/hamcrest/hamcrest/2.1/hamcrest-2.1.jar:/Users/armenmartirosan/.m2/repository/org/ccil/cowan/tagsoup/tagsoup/1.2.1/tagsoup-1.2.1.jar:/Users/armenmartirosan/.m2/repository/io/rest-assured/json-path/5.3.0/json-path-5.3.0.jar:/Users/armenmartirosan/.m2/repository/org/apache/groovy/groovy-json/4.0.6/groovy-json-4.0.6.jar:/Users/armenmartirosan/.m2/repository/io/rest-assured/rest-assured-common/5.3.0/rest-assured-common-5.3.0.jar:/Users/armenmartirosan/.m2/repository/io/rest-assured/xml-path/5.3.0/xml-path-5.3.0.jar:/Users/armenmartirosan/.m2/repository/com/google/code/gson/gson/2.10.1/gson-2.10.1.jar:/Users/armenmartirosan/.m2/repository/io/qameta/allure/allure-junit4/2.21.0/allure-junit4-2.21.0.jar:/Users/armenmartirosan/.m2/repository/io/qameta/allure/allure-java-commons/2.21.0/allure-java-commons-2.21.0.jar:/Users/armenmartirosan/.m2/repository/io/qameta/allure/allure-model/2.21.0/allure-model-2.21.0.jar:/Users/armenmartirosan/.m2/repository/io/qameta/allure/allure-rest-assured/2.21.0/allure-rest-assured-2.21.0.jar:/Users/armenmartirosan/.m2/repository/io/qameta/allure/allure-attachments/2.21.0/allure-attachments-2.21.0.jar:/Users/armenmartirosan/.m2/repository/org/freemarker/freemarker/2.3.31/freemarker-2.3.31.jar:/Users/armenmartirosan/.m2/repository/net/datafaker/datafaker/1.8.1/datafaker-1.8.1.jar:/Users/armenmartirosan/.m2/repository/org/yaml/snakeyaml/1.33/snakeyaml-1.33.jar:/Users/armenmartirosan/.m2/repository/com/github/mifmif/generex/1.0.2/generex-1.0.2.jar:/Users/armenmartirosan/.m2/repository/dk/brics/automaton/automaton/1.11-8/automaton-1.11-8.jar:/Users/armenmartirosan/.m2/repository/com/tngtech/java/junit-dataprovider/1.13.1/junit-dataprovider-1.13.1.jar:/Users/armenmartirosan/.m2/repository/io/github/bonigarcia/webdrivermanager/5.3.3/webdrivermanager-5.3.3.jar:/Users/armenmartirosan/.m2/repository/com/github/docker-java/docker-java/3.3.0/docker-java-3.3.0.jar:/Users/armenmartirosan/.m2/repository/com/github/docker-java/docker-java-core/3.3.0/docker-java-core-3.3.0.jar:/Users/armenmartirosan/.m2/repository/com/github/docker-java/docker-java-api/3.3.0/docker-java-api-3.3.0.jar:/Users/armenmartirosan/.m2/repository/com/fasterxml/jackson/core/jackson-annotations/2.10.3/jackson-annotations-2.10.3.jar:/Users/armenmartirosan/.m2/repository/com/fasterxml/jackson/core/jackson-databind/2.10.3/jackson-databind-2.10.3.jar:/Users/armenmartirosan/.m2/repository/com/fasterxml/jackson/core/jackson-core/2.10.3/jackson-core-2.10.3.jar:/Users/armenmartirosan/.m2/repository/org/bouncycastle/bcpkix-jdk15on/1.64/bcpkix-jdk15on-1.64.jar:/Users/armenmartirosan/.m2/repository/org/bouncycastle/bcprov-jdk15on/1.64/bcprov-jdk15on-1.64.jar:/Users/armenmartirosan/.m2/repository/org/slf4j/jcl-over-slf4j/1.7.30/jcl-over-slf4j-1.7.30.jar:/Users/armenmartirosan/.m2/repository/com/github/docker-java/docker-java-transport-httpclient5/3.3.0/docker-java-transport-httpclient5-3.3.0.jar:/Users/armenmartirosan/.m2/repository/com/github/docker-java/docker-java-transport/3.3.0/docker-java-transport-3.3.0.jar:/Users/armenmartirosan/.m2/repository/net/java/dev/jna/jna/5.12.1/jna-5.12.1.jar:/Users/armenmartirosan/.m2/repository/org/brotli/dec/0.1.2/dec-0.1.2.jar:/Users/armenmartirosan/.m2/repository/org/apache/httpcomponents/client5/httpclient5/5.2.1/httpclient5-5.2.1.jar:/Users/armenmartirosan/.m2/repository/org/apache/httpcomponents/core5/httpcore5/5.2/httpcore5-5.2.jar:/Users/armenmartirosan/.m2/repository/org/apache/httpcomponents/core5/httpcore5-h2/5.2/httpcore5-h2-5.2.jar:/Users/armenmartirosan/.m2/repository/org/seleniumhq/selenium/selenium-java/3.14.0/selenium-java-3.14.0.jar:/Users/armenmartirosan/.m2/repository/org/seleniumhq/selenium/selenium-api/3.14.0/selenium-api-3.14.0.jar:/Users/armenmartirosan/.m2/repository/org/seleniumhq/selenium/selenium-chrome-driver/3.14.0/selenium-chrome-driver-3.14.0.jar:/Users/armenmartirosan/.m2/repository/org/seleniumhq/selenium/selenium-edge-driver/3.14.0/selenium-edge-driver-3.14.0.jar:/Users/armenmartirosan/.m2/repository/org/seleniumhq/selenium/selenium-firefox-driver/3.14.0/selenium-firefox-driver-3.14.0.jar:/Users/armenmartirosan/.m2/repository/org/seleniumhq/selenium/selenium-ie-driver/3.14.0/selenium-ie-driver-3.14.0.jar:/Users/armenmartirosan/.m2/repository/org/seleniumhq/selenium/selenium-opera-driver/3.14.0/selenium-opera-driver-3.14.0.jar:/Users/armenmartirosan/.m2/repository/org/seleniumhq/selenium/selenium-remote-driver/3.14.0/selenium-remote-driver-3.14.0.jar:/Users/armenmartirosan/.m2/repository/org/seleniumhq/selenium/selenium-safari-driver/3.14.0/selenium-safari-driver-3.14.0.jar:/Users/armenmartirosan/.m2/repository/org/seleniumhq/selenium/selenium-support/3.14.0/selenium-support-3.14.0.jar:/Users/armenmartirosan/.m2/repository/net/bytebuddy/byte-buddy/1.8.15/byte-buddy-1.8.15.jar:/Users/armenmartirosan/.m2/repository/org/apache/commons/commons-exec/1.3/commons-exec-1.3.jar:/Users/armenmartirosan/.m2/repository/commons-codec/commons-codec/1.10/commons-codec-1.10.jar:/Users/armenmartirosan/.m2/repository/commons-logging/commons-logging/1.2/commons-logging-1.2.jar:/Users/armenmartirosan/.m2/repository/org/apache/httpcomponents/httpcore/4.4.9/httpcore-4.4.9.jar:/Users/armenmartirosan/.m2/repository/com/squareup/okhttp3/okhttp/3.10.0/okhttp-3.10.0.jar:/Users/armenmartirosan/.m2/repository/com/squareup/okio/okio/1.14.1/okio-1.14.1.jar:"/>
    <property name="allure.results.directory" value="/Users/armenmartirosan/Desktop/Diplom/Diplom_3/target/allure-results"/>
    <property name="sun.cpu.endian" value="little"/>
    <property name="user.home" value="/Users/armenmartirosan"/>
    <property name="user.language" value="ru"/>
    <property name="java.specification.vendor" value="Oracle Corporation"/>
    <property name="java.version.date" value="2023-04-18"/>
    <property name="java.home" value="/opt/homebrew/Cellar/openjdk/20.0.1/libexec/openjdk.jdk/Contents/Home"/>
    <property name="file.separator" value="/"/>
    <property name="basedir" value="/Users/armenmartirosan/Desktop/Diplom/Diplom_3"/>
    <property name="java.vm.compressedOopsMode" value="Zero based"/>
    <property name="line.separator" value="&#10;"/>
    <property name="java.vm.specification.vendor" value="Oracle Corporation"/>
    <property name="java.specification.name" value="Java Platform API Specification"/>
    <property name="apple.awt.application.name" value="ForkedBooter"/>
    <property name="surefire.real.class.path" value="/Users/armenmartirosan/Desktop/Diplom/Diplom_3/target/surefire/surefirebooter1430364757947315493.jar"/>
    <property name="sun.management.compiler" value="HotSpot 64-Bit Tiered Compilers"/>
    <property name="ftp.nonProxyHosts" value="local|*.local|169.254/16|*.169.254/16"/>
    <property name="java.runtime.version" value="20.0.1"/>
    <property name="user.name" value="armenmartirosan"/>
    <property name="stdout.encoding" value="UTF-8"/>
    <property name="path.separator" value=":"/>
    <property name="os.version" value="13.4.1"/>
    <property name="java.runtime.name" value="OpenJDK Runtime Environment"/>
    <property name="file.encoding" value="UTF-8"/>
    <property name="java.vm.name" value="OpenJDK 64-Bit Server VM"/>
    <property name="java.vendor.version" value="Homebrew"/>
    <property name="localRepository" value="/Users/armenmartirosan/.m2/repository"/>
    <property name="java.vendor.url.bug" value="https://github.com/Homebrew/homebrew-core/issues"/>
    <property name="java.io.tmpdir" value="/var/folders/6x/4cg0t2dj35n36vzz0yt81mnw0000gn/T/"/>
    <property name="java.version" value="20.0.1"/>
    <property name="user.dir" value="/Users/armenmartirosan/Desktop/Diplom/Diplom_3"/>
    <property name="os.arch" value="aarch64"/>
    <property name="java.vm.specification.name" value="Java Virtual Machine Specification"/>
    <property name="native.encoding" value="UTF-8"/>
    <property name="java.library.path" value="/Users/armenmartirosan/Library/Java/Extensions:/Library/Java/Extensions:/Network/Library/Java/Extensions:/System/Library/Java/Extensions:/usr/lib/java:."/>
    <property name="java.vm.info" value="mixed mode, sharing"/>
    <property name="stderr.encoding" value="UTF-8"/>
    <property name="java.vendor" value="Homebrew"/>
    <property name="java.vm.version" value="20.0.1"/>
    <property name="sun.io.unicode.encoding" value="UnicodeBig"/>
    <property name="socksNonProxyHosts" value="local|*.local|169.254/16|*.169.254/16"/>
    <property name="java.class.version" value="64.0"/>
  </properties>
  <testcase name="loginWithForgotPagePositiveTest" classname="LoginPageTest" time="5.248">
    <error message="element click intercepted: Element &lt;a class=&quot;Auth_link__1fOlj&quot; href=&quot;/login&quot;&gt;...&lt;/a&gt; is not clickable at point (686, 575). Other element would receive the click: &lt;div class=&quot;Modal_modal_overlay__x2ZCr&quot;&gt;&lt;/div&gt;&#10;  (Session info: chrome=116.0.5845.110)&#10;Build info: version: &apos;3.14.0&apos;, revision: &apos;aacccce0&apos;, time: &apos;2018-08-02T20:19:58.91Z&apos;&#10;System info: host: &apos;macbook-pro&apos;, ip: &apos;fe80:0:0:0:cc3:3591:4ae6:8f80%en0&apos;, os.name: &apos;Mac OS X&apos;, os.arch: &apos;aarch64&apos;, os.version: &apos;13.4.1&apos;, java.version: &apos;20.0.1&apos;&#10;Driver info: org.openqa.selenium.chrome.ChromeDriver&#10;Capabilities {acceptInsecureCerts: false, browserName: chrome, browserVersion: 116.0.5845.110, chrome: {chromedriverVersion: 116.0.5845.96 (1a3918166880..., userDataDir: /var/folders/6x/4cg0t2dj35n...}, fedcm:accounts: true, goog:chromeOptions: {debuggerAddress: localhost:54559}, javascriptEnabled: true, networkConnectionEnabled: false, pageLoadStrategy: normal, platform: MAC, platformName: MAC, proxy: Proxy(), setWindowRect: true, strictFileInteractability: false, timeouts: {implicit: 0, pageLoad: 300000, script: 30000}, unhandledPromptBehavior: dismiss and notify, webauthn:extension:credBlob: true, webauthn:extension:largeBlob: true, webauthn:extension:minPinLength: true, webauthn:extension:prf: true, webauthn:virtualAuthenticators: true}&#10;Session ID: 4a202648e518784995a9d2660ed7e8f3" type="org.openqa.selenium.ElementClickInterceptedException"><![CDATA[org.openqa.selenium.ElementClickInterceptedException: 
element click intercepted: Element <a class="Auth_link__1fOlj" href="/login">...</a> is not clickable at point (686, 575). Other element would receive the click: <div class="Modal_modal_overlay__x2ZCr"></div>
  (Session info: chrome=116.0.5845.110)
Build info: version: '3.14.0', revision: 'aacccce0', time: '2018-08-02T20:19:58.91Z'
System info: host: 'macbook-pro', ip: 'fe80:0:0:0:cc3:3591:4ae6:8f80%en0', os.name: 'Mac OS X', os.arch: 'aarch64', os.version: '13.4.1', java.version: '20.0.1'
Driver info: org.openqa.selenium.chrome.ChromeDriver
Capabilities {acceptInsecureCerts: false, browserName: chrome, browserVersion: 116.0.5845.110, chrome: {chromedriverVersion: 116.0.5845.96 (1a3918166880..., userDataDir: /var/folders/6x/4cg0t2dj35n...}, fedcm:accounts: true, goog:chromeOptions: {debuggerAddress: localhost:54559}, javascriptEnabled: true, networkConnectionEnabled: false, pageLoadStrategy: normal, platform: MAC, platformName: MAC, proxy: Proxy(), setWindowRect: true, strictFileInteractability: false, timeouts: {implicit: 0, pageLoad: 300000, script: 30000}, unhandledPromptBehavior: dismiss and notify, webauthn:extension:credBlob: true, webauthn:extension:largeBlob: true, webauthn:extension:minPinLength: true, webauthn:extension:prf: true, webauthn:virtualAuthenticators: true}
Session ID: 4a202648e518784995a9d2660ed7e8f3
	at LoginPageTest.loginWithForgotPagePositiveTest(LoginPageTest.java:70)
]]></error>
    <system-err><![CDATA[Starting ChromeDriver 116.0.5845.96 (1a391816688002153ef791ffe60d9e899a71a037-refs/branch-heads/5845@{#1382}) on port 10868
Only local connections are allowed.
Please see https://chromedriver.chromium.org/security-considerations for suggestions on keeping ChromeDriver safe.
ChromeDriver was started successfully.
авг. 24, 2023 11:17:49 PM org.openqa.selenium.remote.ProtocolHandshake createSession
INFO: Detected dialect: W3C
]]></system-err>
  </testcase>
  <testcase name="loginWithMainPageButtonPersonAccountPositiveTest" classname="LoginPageTest" time="6.317">
    <error message="element click intercepted: Element &lt;a class=&quot;AppHeader_header__link__3D_hX&quot; href=&quot;/account&quot;&gt;...&lt;/a&gt; is not clickable at point (1096, 44). Other element would receive the click: &lt;div class=&quot;Modal_modal_overlay__x2ZCr&quot;&gt;&lt;/div&gt;&#10;  (Session info: chrome=116.0.5845.110)&#10;Build info: version: &apos;3.14.0&apos;, revision: &apos;aacccce0&apos;, time: &apos;2018-08-02T20:19:58.91Z&apos;&#10;System info: host: &apos;macbook-pro&apos;, ip: &apos;fe80:0:0:0:cc3:3591:4ae6:8f80%en0&apos;, os.name: &apos;Mac OS X&apos;, os.arch: &apos;aarch64&apos;, os.version: &apos;13.4.1&apos;, java.version: &apos;20.0.1&apos;&#10;Driver info: org.openqa.selenium.chrome.ChromeDriver&#10;Capabilities {acceptInsecureCerts: false, browserName: chrome, browserVersion: 116.0.5845.110, chrome: {chromedriverVersion: 116.0.5845.96 (1a3918166880..., userDataDir: /var/folders/6x/4cg0t2dj35n...}, fedcm:accounts: true, goog:chromeOptions: {debuggerAddress: localhost:54595}, javascriptEnabled: true, networkConnectionEnabled: false, pageLoadStrategy: normal, platform: MAC, platformName: MAC, proxy: Proxy(), setWindowRect: true, strictFileInteractability: false, timeouts: {implicit: 0, pageLoad: 300000, script: 30000}, unhandledPromptBehavior: dismiss and notify, webauthn:extension:credBlob: true, webauthn:extension:largeBlob: true, webauthn:extension:minPinLength: true, webauthn:extension:prf: true, webauthn:virtualAuthenticators: true}&#10;Session ID: 04d9b74b6d49a95aceee7c13570b3635" type="org.openqa.selenium.ElementClickInterceptedException"><![CDATA[org.openqa.selenium.ElementClickInterceptedException: 
element click intercepted: Element <a class="AppHeader_header__link__3D_hX" href="/account">...</a> is not clickable at point (1096, 44). Other element would receive the click: <div class="Modal_modal_overlay__x2ZCr"></div>
  (Session info: chrome=116.0.5845.110)
Build info: version: '3.14.0', revision: 'aacccce0', time: '2018-08-02T20:19:58.91Z'
System info: host: 'macbook-pro', ip: 'fe80:0:0:0:cc3:3591:4ae6:8f80%en0', os.name: 'Mac OS X', os.arch: 'aarch64', os.version: '13.4.1', java.version: '20.0.1'
Driver info: org.openqa.selenium.chrome.ChromeDriver
Capabilities {acceptInsecureCerts: false, browserName: chrome, browserVersion: 116.0.5845.110, chrome: {chromedriverVersion: 116.0.5845.96 (1a3918166880..., userDataDir: /var/folders/6x/4cg0t2dj35n...}, fedcm:accounts: true, goog:chromeOptions: {debuggerAddress: localhost:54595}, javascriptEnabled: true, networkConnectionEnabled: false, pageLoadStrategy: normal, platform: MAC, platformName: MAC, proxy: Proxy(), setWindowRect: true, strictFileInteractability: false, timeouts: {implicit: 0, pageLoad: 300000, script: 30000}, unhandledPromptBehavior: dismiss and notify, webauthn:extension:credBlob: true, webauthn:extension:largeBlob: true, webauthn:extension:minPinLength: true, webauthn:extension:prf: true, webauthn:virtualAuthenticators: true}
Session ID: 04d9b74b6d49a95aceee7c13570b3635
	at LoginPageTest.loginWithMainPageButtonPersonAccountPositiveTest(LoginPageTest.java:46)
]]></error>
    <system-err><![CDATA[Starting ChromeDriver 116.0.5845.96 (1a391816688002153ef791ffe60d9e899a71a037-refs/branch-heads/5845@{#1382}) on port 24432
Only local connections are allowed.
Please see https://chromedriver.chromium.org/security-considerations for suggestions on keeping ChromeDriver safe.
ChromeDriver was started successfully.
авг. 24, 2023 11:17:55 PM org.openqa.selenium.remote.ProtocolHandshake createSession
INFO: Detected dialect: W3C
]]></system-err>
  </testcase>
  <testcase name="loginWithMainPagePositiveTest" classname="LoginPageTest" time="4.959"/>
  <testcase name="loginWitRegistrationPagePositiveTest" classname="LoginPageTest" time="4.824"/>
</testsuite>